Performing C SOURCE FILE Test CMAKE_HAVE_LIBC_PTHREAD failed with the following output:
Change Dir: /home/baba/planner2_ws/src/Fast-Planner-for-ubuntu20.04/fast_planner/traj_utils/cmake-build-debug/CMakeFiles/CMakeTmp

Run Build Command(s):/home/baba/.local/share/JetBrains/Toolbox/apps/CLion/ch-0/222.4167.35/bin/ninja/linux/ninja cmTC_3c87e && [1/2] Building C object CMakeFiles/cmTC_3c87e.dir/src.c.o
[2/2] Linking C executable cmTC_3c87e
FAILED: cmTC_3c87e 
: && /usr/bin/cc   CMakeFiles/cmTC_3c87e.dir/src.c.o -o cmTC_3c87e   && :
/usr/bin/ld: CMakeFiles/cmTC_3c87e.dir/src.c.o: in function `main':
src.c:(.text+0x46): undefined reference to `pthread_create'
/usr/bin/ld: src.c:(.text+0x52): undefined reference to `pthread_detach'
/usr/bin/ld: src.c:(.text+0x5e): undefined reference to `pthread_cancel'
/usr/bin/ld: src.c:(.text+0x6f): undefined reference to `pthread_join'
collect2: error: ld returned 1 exit status
ninja: build stopped: subcommand failed.


Source file was:
#include <pthread.h>

static void* test_func(void* data)
{
  return data;
}

int main(void)
{
  pthread_t thread;
  pthread_create(&thread, NULL, test_func, NULL);
  pthread_detach(thread);
  pthread_cancel(thread);
  pthread_join(thread, NULL);
  pthread_atfork(NULL, NULL, NULL);
  pthread_exit(NULL);

  return 0;
}

Determining if the function pthread_create exists in the pthreads failed with the following output:
Change Dir: /home/baba/planner2_ws/src/Fast-Planner-for-ubuntu20.04/fast_planner/traj_utils/cmake-build-debug/CMakeFiles/CMakeTmp

Run Build Command(s):/home/baba/.local/share/JetBrains/Toolbox/apps/CLion/ch-0/222.4167.35/bin/ninja/linux/ninja cmTC_5f1a3 && [1/2] Building C object CMakeFiles/cmTC_5f1a3.dir/CheckFunctionExists.c.o
[2/2] Linking C executable cmTC_5f1a3
FAILED: cmTC_5f1a3 
: && /usr/bin/cc -DCHECK_FUNCTION_EXISTS=pthread_create  CMakeFiles/cmTC_5f1a3.dir/CheckFunctionExists.c.o -o cmTC_5f1a3  -lpthreads && :
/usr/bin/ld: cannot find -lpthreads
collect2: error: ld returned 1 exit status
ninja: build stopped: subcommand failed.



